[DEBUG] 2023-08-30 20:04:28.342 [main] JDBCTest - ---------------------------------------------------------------------------
[DEBUG] 2023-08-30 20:04:28.351 [main] JDBCTest - -- Run test: 
[DEBUG] 2023-08-30 20:04:28.351 [main] JDBCTest - ---------------------------------------------------------------------------
[DEBUG] 2023-08-30 20:04:30.211 [main] JDBCTest - ---------------------------------------------------------------------------
[DEBUG] 2023-08-30 20:04:30.212 [main] JDBCTest - -- End test: 
[DEBUG] 2023-08-30 20:04:30.212 [main] JDBCTest - ---------------------------------------------------------------------------
[DEBUG] 2023-08-30 20:06:03.536 [main] JDBCTest - ---------------------------------------------------------------------------
[DEBUG] 2023-08-30 20:06:03.543 [main] JDBCTest - -- Run test: 
[DEBUG] 2023-08-30 20:06:03.543 [main] JDBCTest - ---------------------------------------------------------------------------
[DEBUG] 2023-08-30 20:06:04.538 [main] JDBCTest - ---------------------------------------------------------------------------
[DEBUG] 2023-08-30 20:06:04.538 [main] JDBCTest - -- End test: 
[DEBUG] 2023-08-30 20:06:04.539 [main] JDBCTest - ---------------------------------------------------------------------------
[DEBUG] 2023-08-30 20:09:27.782 [main] JDBCTest - ---------------------------------------------------------------------------
[DEBUG] 2023-08-30 20:09:27.791 [main] JDBCTest - -- Run test: 
[DEBUG] 2023-08-30 20:09:27.792 [main] JDBCTest - ---------------------------------------------------------------------------
[DEBUG] 2023-08-30 20:09:28.839 [main] JDBCTest - ---------------------------------------------------------------------------
[DEBUG] 2023-08-30 20:09:28.840 [main] JDBCTest - -- End test: 
[DEBUG] 2023-08-30 20:09:28.840 [main] JDBCTest - ---------------------------------------------------------------------------
[DEBUG] 2023-08-30 20:19:46.537 [main] JDBCTest - ---------------------------------------------------------------------------
[DEBUG] 2023-08-30 20:19:46.545 [main] JDBCTest - -- Run test: 
[DEBUG] 2023-08-30 20:19:46.545 [main] JDBCTest - ---------------------------------------------------------------------------
[DEBUG] 2023-08-30 20:19:46.945 [main] JDBCTest - ---------------------------------------------------------------------------
[DEBUG] 2023-08-30 20:19:46.950 [main] JDBCTest - -- End test: 
[DEBUG] 2023-08-30 20:19:46.950 [main] JDBCTest - ---------------------------------------------------------------------------
[DEBUG] 2023-08-30 20:20:37.987 [main] JDBCTest - ---------------------------------------------------------------------------
[DEBUG] 2023-08-30 20:20:37.993 [main] JDBCTest - -- Run test: 
[DEBUG] 2023-08-30 20:20:37.993 [main] JDBCTest - ---------------------------------------------------------------------------
[DEBUG] 2023-08-30 20:20:38.985 [main] JDBCTest - ---------------------------------------------------------------------------
[DEBUG] 2023-08-30 20:20:38.986 [main] JDBCTest - -- End test: 
[DEBUG] 2023-08-30 20:20:38.986 [main] JDBCTest - ---------------------------------------------------------------------------
[DEBUG] 2023-08-30 21:15:38.246 [main] JDBCTest - ---------------------------------------------------------------------------
[DEBUG] 2023-08-30 21:15:38.256 [main] JDBCTest - -- Run test: 
[DEBUG] 2023-08-30 21:15:38.256 [main] JDBCTest - ---------------------------------------------------------------------------
[DEBUG] 2023-08-30 21:15:38.517 [main] MySQLDriver - Create mysql connection
[ERROR] 2023-08-30 21:15:39.508 [main] MySQLDriver - Could not execute query: "SELECT oc_category.category_id, oc_category.parent_id, oc_category_description.name FROM oc_categoryINNER JOIN oc_category_description ON oc_category.category_id=oc_category_description.category_id WHERE oc_category_description.language_id = 1 ORDER BY OC_CATEGORY.sort_order ASC": REASON: Table 'opencart-db.oc_categoryINNER' doesn't exist
[DEBUG] 2023-08-30 21:15:39.538 [main] JDBCTest - ---------------------------------------------------------------------------
[DEBUG] 2023-08-30 21:15:39.539 [main] JDBCTest - -- End test: 
[DEBUG] 2023-08-30 21:15:39.539 [main] JDBCTest - ---------------------------------------------------------------------------
[DEBUG] 2023-08-30 21:19:27.391 [main] JDBCTest - ---------------------------------------------------------------------------
[DEBUG] 2023-08-30 21:19:27.401 [main] JDBCTest - -- Run test: 
[DEBUG] 2023-08-30 21:19:27.401 [main] JDBCTest - ---------------------------------------------------------------------------
[DEBUG] 2023-08-30 21:19:27.610 [main] MySQLDriver - Create mysql connection
[ERROR] 2023-08-30 21:19:28.558 [main] MySQLDriver - Could not execute query: "SELECT oc_category.category_id, oc_category.parent_id, oc_category_description.name FROM oc_category INNER JOIN oc_category_description ON oc_category.category_id = oc_category_description.category_id WHERE oc_category_description.language_id = 1 ORDER BY OC_CATEGORY.sort_order ASC": REASON: Unknown column 'OC_CATEGORY.sort_order' in 'order clause'
[DEBUG] 2023-08-30 21:19:28.592 [main] JDBCTest - ---------------------------------------------------------------------------
[DEBUG] 2023-08-30 21:19:28.593 [main] JDBCTest - -- End test: 
[DEBUG] 2023-08-30 21:19:28.593 [main] JDBCTest - ---------------------------------------------------------------------------
[DEBUG] 2023-08-30 21:20:24.246 [main] JDBCTest - ---------------------------------------------------------------------------
[DEBUG] 2023-08-30 21:20:24.254 [main] JDBCTest - -- Run test: 
[DEBUG] 2023-08-30 21:20:24.254 [main] JDBCTest - ---------------------------------------------------------------------------
[DEBUG] 2023-08-30 21:20:24.485 [main] MySQLDriver - Create mysql connection
[DEBUG] 2023-08-30 21:20:25.352 [main] JDBCTest - ---------------------------------------------------------------------------
[DEBUG] 2023-08-30 21:20:25.353 [main] JDBCTest - -- End test: 
[DEBUG] 2023-08-30 21:20:25.354 [main] JDBCTest - ---------------------------------------------------------------------------
[DEBUG] 2023-08-30 21:40:01.796 [main] JDBCTest - ---------------------------------------------------------------------------
[DEBUG] 2023-08-30 21:40:01.803 [main] JDBCTest - -- Run test: 
[DEBUG] 2023-08-30 21:40:01.803 [main] JDBCTest - ---------------------------------------------------------------------------
[DEBUG] 2023-08-30 21:40:02.018 [main] MySQLDriver - Create mysql connection
[DEBUG] 2023-08-30 21:40:02.847 [main] JDBCTest - ---------------------------------------------------------------------------
[DEBUG] 2023-08-30 21:40:02.848 [main] JDBCTest - -- End test: 
[DEBUG] 2023-08-30 21:40:02.848 [main] JDBCTest - ---------------------------------------------------------------------------
[DEBUG] 2023-08-30 21:43:49.616 [main] JDBCTest - ---------------------------------------------------------------------------
[DEBUG] 2023-08-30 21:43:49.626 [main] JDBCTest - -- Run test: 
[DEBUG] 2023-08-30 21:43:49.626 [main] JDBCTest - ---------------------------------------------------------------------------
[DEBUG] 2023-08-30 21:43:49.837 [main] MySQLDriver - Create mysql connection
[DEBUG] 2023-08-30 21:43:50.686 [main] JDBCTest - ---------------------------------------------------------------------------
[DEBUG] 2023-08-30 21:43:50.687 [main] JDBCTest - -- End test: 
[DEBUG] 2023-08-30 21:43:50.688 [main] JDBCTest - ---------------------------------------------------------------------------
[DEBUG] 2023-08-30 21:46:57.879 [main] JDBCTest - ---------------------------------------------------------------------------
[DEBUG] 2023-08-30 21:46:57.886 [main] JDBCTest - -- Run test: 
[DEBUG] 2023-08-30 21:46:57.886 [main] JDBCTest - ---------------------------------------------------------------------------
[DEBUG] 2023-08-30 21:46:58.158 [main] MySQLDriver - Create mysql connection
[DEBUG] 2023-08-30 21:46:59.242 [main] JDBCTest - ---------------------------------------------------------------------------
[DEBUG] 2023-08-30 21:46:59.242 [main] JDBCTest - -- End test: 
[DEBUG] 2023-08-30 21:46:59.243 [main] JDBCTest - ---------------------------------------------------------------------------
[DEBUG] 2023-08-30 21:51:44.702 [main] JDBCTest - ---------------------------------------------------------------------------
[DEBUG] 2023-08-30 21:51:44.710 [main] JDBCTest - -- Run test: 
[DEBUG] 2023-08-30 21:51:44.711 [main] JDBCTest - ---------------------------------------------------------------------------
[DEBUG] 2023-08-30 21:51:44.967 [main] MySQLDriver - Create mysql connection
[DEBUG] 2023-08-30 21:51:46.253 [main] JDBCTest - ---------------------------------------------------------------------------
[DEBUG] 2023-08-30 21:51:46.254 [main] JDBCTest - -- End test: 
[DEBUG] 2023-08-30 21:51:46.255 [main] JDBCTest - ---------------------------------------------------------------------------
[DEBUG] 2023-08-30 22:19:01.802 [main] JDBCTest - ---------------------------------------------------------------------------
[DEBUG] 2023-08-30 22:19:01.811 [main] JDBCTest - -- Run test: 
[DEBUG] 2023-08-30 22:19:01.811 [main] JDBCTest - ---------------------------------------------------------------------------
[DEBUG] 2023-08-30 22:19:02.038 [main] MySQLDriver - Create mysql connection
[ERROR] 2023-08-30 22:19:03.081 [main] MySQLDriver - Could not execute query: "SELECT oc_category.category_id, oc_category.parent_id oc_category_description.name FROM oc_category INNER JOIN oc_category_description ON oc_category.category_id = oc_category_description.category_id WHERE oc_category_description.language_id = 1 ORDER BY oc_category.sort_order ASC": REASON: You have an error in your SQL syntax; check the manual that corresponds to your MySQL server version for the right syntax to use near '.name FROM oc_category INNER JOIN oc_category_description ON oc_category.categor' at line 1
[DEBUG] 2023-08-30 22:19:03.122 [main] JDBCTest - ---------------------------------------------------------------------------
[DEBUG] 2023-08-30 22:19:03.123 [main] JDBCTest - -- End test: 
[DEBUG] 2023-08-30 22:19:03.123 [main] JDBCTest - ---------------------------------------------------------------------------
[DEBUG] 2023-08-30 22:21:54.516 [main] JDBCTest - ---------------------------------------------------------------------------
[DEBUG] 2023-08-30 22:21:54.521 [main] JDBCTest - -- Run test: 
[DEBUG] 2023-08-30 22:21:54.521 [main] JDBCTest - ---------------------------------------------------------------------------
[DEBUG] 2023-08-30 22:21:54.721 [main] MySQLDriver - Create mysql connection
[ERROR] 2023-08-30 22:21:55.516 [main] MySQLDriver - Could not execute query: "SELECT oc_category.category_id, oc_category.parent_id oc_category_description.name FROM oc_category INNER JOIN oc_category_description ON oc_category.category_id = oc_category_description.category_id WHERE oc_category_description.language_id = 1 ORDER BY oc_category.sort_order ASC": REASON: You have an error in your SQL syntax; check the manual that corresponds to your MySQL server version for the right syntax to use near '.name FROM oc_category INNER JOIN oc_category_description ON oc_category.categor' at line 1
[DEBUG] 2023-08-30 22:21:55.544 [main] JDBCTest - ---------------------------------------------------------------------------
[DEBUG] 2023-08-30 22:21:55.545 [main] JDBCTest - -- End test: 
[DEBUG] 2023-08-30 22:21:55.545 [main] JDBCTest - ---------------------------------------------------------------------------
[DEBUG] 2023-08-30 22:23:06.820 [main] JDBCTest - ---------------------------------------------------------------------------
[DEBUG] 2023-08-30 22:23:06.827 [main] JDBCTest - -- Run test: 
[DEBUG] 2023-08-30 22:23:06.828 [main] JDBCTest - ---------------------------------------------------------------------------
[DEBUG] 2023-08-30 22:23:07.066 [main] MySQLDriver - Create mysql connection
[DEBUG] 2023-08-30 22:23:08.034 [main] JDBCTest - ---------------------------------------------------------------------------
[DEBUG] 2023-08-30 22:23:08.035 [main] JDBCTest - -- End test: 
[DEBUG] 2023-08-30 22:23:08.035 [main] JDBCTest - ---------------------------------------------------------------------------
[DEBUG] 2023-08-30 22:39:01.591 [main] JDBCTest - ---------------------------------------------------------------------------
[DEBUG] 2023-08-30 22:39:01.601 [main] JDBCTest - -- Run test: 
[DEBUG] 2023-08-30 22:39:01.601 [main] JDBCTest - ---------------------------------------------------------------------------
[DEBUG] 2023-08-30 22:39:01.842 [main] MySQLDriver - Create mysql connection
[DEBUG] 2023-08-30 22:39:02.977 [main] JDBCTest - ---------------------------------------------------------------------------
[DEBUG] 2023-08-30 22:39:02.978 [main] JDBCTest - -- End test: 
[DEBUG] 2023-08-30 22:39:02.980 [main] JDBCTest - ---------------------------------------------------------------------------
[DEBUG] 2023-08-30 23:08:44.179 [main] JDBCTest - ---------------------------------------------------------------------------
[DEBUG] 2023-08-30 23:08:44.187 [main] JDBCTest - -- Run test: 
[DEBUG] 2023-08-30 23:08:44.188 [main] JDBCTest - ---------------------------------------------------------------------------
[DEBUG] 2023-08-30 23:08:44.366 [main] MySQLDriver - Create mysql connection
[ERROR] 2023-08-30 23:08:45.170 [main] MySQLDriver - Could not execute query: "SELECT id, first_name last_name password_hashFROM homework_user_data ORDER BY id ASC": REASON: You have an error in your SQL syntax; check the manual that corresponds to your MySQL server version for the right syntax to use near 'password_hashFROM homework_user_data ORDER BY id ASC' at line 1
[DEBUG] 2023-08-30 23:08:45.196 [main] JDBCTest - ---------------------------------------------------------------------------
[DEBUG] 2023-08-30 23:08:45.196 [main] JDBCTest - -- End test: 
[DEBUG] 2023-08-30 23:08:45.197 [main] JDBCTest - ---------------------------------------------------------------------------
[DEBUG] 2023-08-30 23:09:22.723 [main] JDBCTest - ---------------------------------------------------------------------------
[DEBUG] 2023-08-30 23:09:22.730 [main] JDBCTest - -- Run test: 
[DEBUG] 2023-08-30 23:09:22.730 [main] JDBCTest - ---------------------------------------------------------------------------
[DEBUG] 2023-08-30 23:09:22.917 [main] MySQLDriver - Create mysql connection
[ERROR] 2023-08-30 23:09:23.755 [main] MySQLDriver - Could not execute query: "SELECT id, first_name last_name password_hash FROM homework_user_data ORDER BY id ASC": REASON: You have an error in your SQL syntax; check the manual that corresponds to your MySQL server version for the right syntax to use near 'password_hash FROM homework_user_data ORDER BY id ASC' at line 1
[DEBUG] 2023-08-30 23:09:23.785 [main] JDBCTest - ---------------------------------------------------------------------------
[DEBUG] 2023-08-30 23:09:23.786 [main] JDBCTest - -- End test: 
[DEBUG] 2023-08-30 23:09:23.787 [main] JDBCTest - ---------------------------------------------------------------------------
[DEBUG] 2023-08-30 23:10:36.496 [main] JDBCTest - ---------------------------------------------------------------------------
[DEBUG] 2023-08-30 23:10:36.502 [main] JDBCTest - -- Run test: 
[DEBUG] 2023-08-30 23:10:36.502 [main] JDBCTest - ---------------------------------------------------------------------------
[DEBUG] 2023-08-30 23:10:36.718 [main] MySQLDriver - Create mysql connection
[ERROR] 2023-08-30 23:10:37.463 [main] MySQLDriver - Could not execute query: "SELECT homework_user_data.id, homework_user_data.first_name homework_user_data.last_name homework_user_data.password_hash FROM homework_user_data ORDER BY id ASC": REASON: You have an error in your SQL syntax; check the manual that corresponds to your MySQL server version for the right syntax to use near '.last_name homework_user_data.password_hash FROM homework_user_data ORDER BY id ' at line 1
[DEBUG] 2023-08-30 23:10:37.505 [main] JDBCTest - ---------------------------------------------------------------------------
[DEBUG] 2023-08-30 23:10:37.506 [main] JDBCTest - -- End test: 
[DEBUG] 2023-08-30 23:10:37.506 [main] JDBCTest - ---------------------------------------------------------------------------
[DEBUG] 2023-08-30 23:10:37.565 [Thread-0] MySQLDriver - Close mysql connection
[DEBUG] 2023-08-30 23:11:21.189 [main] JDBCTest - ---------------------------------------------------------------------------
[DEBUG] 2023-08-30 23:11:21.198 [main] JDBCTest - -- Run test: 
[DEBUG] 2023-08-30 23:11:21.198 [main] JDBCTest - ---------------------------------------------------------------------------
[DEBUG] 2023-08-30 23:11:21.447 [main] MySQLDriver - Create mysql connection
[DEBUG] 2023-08-30 23:11:22.456 [main] JDBCTest - ---------------------------------------------------------------------------
[DEBUG] 2023-08-30 23:11:22.456 [main] JDBCTest - -- End test: 
[DEBUG] 2023-08-30 23:11:22.457 [main] JDBCTest - ---------------------------------------------------------------------------
[DEBUG] 2023-08-30 23:15:15.642 [main] JDBCTest - ---------------------------------------------------------------------------
[DEBUG] 2023-08-30 23:15:15.650 [main] JDBCTest - -- Run test: 
[DEBUG] 2023-08-30 23:15:15.651 [main] JDBCTest - ---------------------------------------------------------------------------
[DEBUG] 2023-08-30 23:15:15.842 [main] MySQLDriver - Create mysql connection
[DEBUG] 2023-08-30 23:15:16.855 [main] JDBCTest - ---------------------------------------------------------------------------
[DEBUG] 2023-08-30 23:15:16.855 [main] JDBCTest - -- End test: 
[DEBUG] 2023-08-30 23:15:16.856 [main] JDBCTest - ---------------------------------------------------------------------------
[DEBUG] 2023-08-30 23:19:33.359 [main] JDBCTest - ---------------------------------------------------------------------------
[DEBUG] 2023-08-30 23:19:33.364 [main] JDBCTest - -- Run test: 
[DEBUG] 2023-08-30 23:19:33.365 [main] JDBCTest - ---------------------------------------------------------------------------
[DEBUG] 2023-08-30 23:19:33.582 [main] MySQLDriver - Create mysql connection
[DEBUG] 2023-08-30 23:19:34.405 [main] JDBCTest - ---------------------------------------------------------------------------
[DEBUG] 2023-08-30 23:19:34.406 [main] JDBCTest - -- End test: 
[DEBUG] 2023-08-30 23:19:34.406 [main] JDBCTest - ---------------------------------------------------------------------------
[DEBUG] 2023-08-30 23:22:18.169 [main] JDBCTest - ---------------------------------------------------------------------------
[DEBUG] 2023-08-30 23:22:18.176 [main] JDBCTest - -- Run test: 
[DEBUG] 2023-08-30 23:22:18.176 [main] JDBCTest - ---------------------------------------------------------------------------
[DEBUG] 2023-08-30 23:22:18.361 [main] MySQLDriver - Create mysql connection
[DEBUG] 2023-08-30 23:22:19.254 [main] JDBCTest - ---------------------------------------------------------------------------
[DEBUG] 2023-08-30 23:22:19.254 [main] JDBCTest - -- End test: 
[DEBUG] 2023-08-30 23:22:19.255 [main] JDBCTest - ---------------------------------------------------------------------------
[DEBUG] 2023-08-30 23:23:54.516 [main] JDBCTest - ---------------------------------------------------------------------------
[DEBUG] 2023-08-30 23:23:54.522 [main] JDBCTest - -- Run test: 
[DEBUG] 2023-08-30 23:23:54.523 [main] JDBCTest - ---------------------------------------------------------------------------
[DEBUG] 2023-08-30 23:23:54.705 [main] MySQLDriver - Create mysql connection
[DEBUG] 2023-08-30 23:23:55.493 [main] JDBCTest - ---------------------------------------------------------------------------
[DEBUG] 2023-08-30 23:23:55.494 [main] JDBCTest - -- End test: 
[DEBUG] 2023-08-30 23:23:55.494 [main] JDBCTest - ---------------------------------------------------------------------------
[DEBUG] 2023-08-30 23:27:28.211 [main] JDBCTest - ---------------------------------------------------------------------------
[DEBUG] 2023-08-30 23:27:28.219 [main] JDBCTest - -- Run test: 
[DEBUG] 2023-08-30 23:27:28.219 [main] JDBCTest - ---------------------------------------------------------------------------
[DEBUG] 2023-08-30 23:27:28.404 [main] MySQLDriver - Create mysql connection
[DEBUG] 2023-08-30 23:27:29.243 [main] JDBCTest - ---------------------------------------------------------------------------
[DEBUG] 2023-08-30 23:27:29.244 [main] JDBCTest - -- End test: 
[DEBUG] 2023-08-30 23:27:29.245 [main] JDBCTest - ---------------------------------------------------------------------------
[DEBUG] 2023-08-30 23:31:13.946 [main] JDBCTest - ---------------------------------------------------------------------------
[DEBUG] 2023-08-30 23:31:13.952 [main] JDBCTest - -- Run test: 
[DEBUG] 2023-08-30 23:31:13.952 [main] JDBCTest - ---------------------------------------------------------------------------
[DEBUG] 2023-08-30 23:31:14.124 [main] MySQLDriver - Create mysql connection
[DEBUG] 2023-08-30 23:31:14.848 [main] JDBCTest - ---------------------------------------------------------------------------
[DEBUG] 2023-08-30 23:31:14.849 [main] JDBCTest - -- End test: 
[DEBUG] 2023-08-30 23:31:14.849 [main] JDBCTest - ---------------------------------------------------------------------------
[DEBUG] 2023-08-30 23:32:03.248 [main] JDBCTest - ---------------------------------------------------------------------------
[DEBUG] 2023-08-30 23:32:03.254 [main] JDBCTest - -- Run test: 
[DEBUG] 2023-08-30 23:32:03.254 [main] JDBCTest - ---------------------------------------------------------------------------
[DEBUG] 2023-08-30 23:32:03.462 [main] MySQLDriver - Create mysql connection
[DEBUG] 2023-08-30 23:32:04.259 [main] JDBCTest - ---------------------------------------------------------------------------
[DEBUG] 2023-08-30 23:32:04.260 [main] JDBCTest - -- End test: 
[DEBUG] 2023-08-30 23:32:04.260 [main] JDBCTest - ---------------------------------------------------------------------------
[DEBUG] 2023-08-30 23:33:18.799 [main] JDBCTest - ---------------------------------------------------------------------------
[DEBUG] 2023-08-30 23:33:18.806 [main] JDBCTest - -- Run test: 
[DEBUG] 2023-08-30 23:33:18.806 [main] JDBCTest - ---------------------------------------------------------------------------
[DEBUG] 2023-08-30 23:33:18.995 [main] MySQLDriver - Create mysql connection
[DEBUG] 2023-08-30 23:33:19.760 [main] JDBCTest - ---------------------------------------------------------------------------
[DEBUG] 2023-08-30 23:33:19.761 [main] JDBCTest - -- End test: 
[DEBUG] 2023-08-30 23:33:19.762 [main] JDBCTest - ---------------------------------------------------------------------------
[DEBUG] 2023-08-30 23:33:55.611 [main] JDBCTest - ---------------------------------------------------------------------------
[DEBUG] 2023-08-30 23:33:55.618 [main] JDBCTest - -- Run test: 
[DEBUG] 2023-08-30 23:33:55.619 [main] JDBCTest - ---------------------------------------------------------------------------
[DEBUG] 2023-08-30 23:33:55.793 [main] MySQLDriver - Create mysql connection
[DEBUG] 2023-08-30 23:33:56.597 [main] JDBCTest - ---------------------------------------------------------------------------
[DEBUG] 2023-08-30 23:33:56.598 [main] JDBCTest - -- End test: 
[DEBUG] 2023-08-30 23:33:56.598 [main] JDBCTest - ---------------------------------------------------------------------------
[DEBUG] 2023-08-30 23:37:27.564 [main] JDBCTest - ---------------------------------------------------------------------------
[DEBUG] 2023-08-30 23:37:27.571 [main] JDBCTest - -- Run test: 
[DEBUG] 2023-08-30 23:37:27.572 [main] JDBCTest - ---------------------------------------------------------------------------
[DEBUG] 2023-08-30 23:37:27.756 [main] MySQLDriver - Create mysql connection
[DEBUG] 2023-08-30 23:37:28.589 [main] JDBCTest - ---------------------------------------------------------------------------
[DEBUG] 2023-08-30 23:37:28.590 [main] JDBCTest - -- End test: 
[DEBUG] 2023-08-30 23:37:28.591 [main] JDBCTest - ---------------------------------------------------------------------------
[DEBUG] 2023-08-30 23:38:15.703 [main] JDBCTest - ---------------------------------------------------------------------------
[DEBUG] 2023-08-30 23:38:15.711 [main] JDBCTest - -- Run test: 
[DEBUG] 2023-08-30 23:38:15.711 [main] JDBCTest - ---------------------------------------------------------------------------
[DEBUG] 2023-08-30 23:38:15.955 [main] MySQLDriver - Create mysql connection
[DEBUG] 2023-08-30 23:38:16.843 [main] JDBCTest - ---------------------------------------------------------------------------
[DEBUG] 2023-08-30 23:38:16.844 [main] JDBCTest - -- End test: 
[DEBUG] 2023-08-30 23:38:16.844 [main] JDBCTest - ---------------------------------------------------------------------------
[DEBUG] 2023-08-30 23:40:03.324 [main] JDBCTest - ---------------------------------------------------------------------------
[DEBUG] 2023-08-30 23:40:03.331 [main] JDBCTest - -- Run test: 
[DEBUG] 2023-08-30 23:40:03.331 [main] JDBCTest - ---------------------------------------------------------------------------
[DEBUG] 2023-08-30 23:40:03.504 [main] MySQLDriver - Create mysql connection
[DEBUG] 2023-08-30 23:40:04.190 [main] JDBCTest - ---------------------------------------------------------------------------
[DEBUG] 2023-08-30 23:40:04.190 [main] JDBCTest - -- End test: 
[DEBUG] 2023-08-30 23:40:04.191 [main] JDBCTest - ---------------------------------------------------------------------------
[DEBUG] 2023-08-30 23:42:48.519 [main] JDBCTest - ---------------------------------------------------------------------------
[DEBUG] 2023-08-30 23:42:48.526 [main] JDBCTest - -- Run test: 
[DEBUG] 2023-08-30 23:42:48.527 [main] JDBCTest - ---------------------------------------------------------------------------
[DEBUG] 2023-08-30 23:42:48.699 [main] MySQLDriver - Create mysql connection
[DEBUG] 2023-08-30 23:42:49.498 [main] JDBCTest - ---------------------------------------------------------------------------
[DEBUG] 2023-08-30 23:42:49.499 [main] JDBCTest - -- End test: 
[DEBUG] 2023-08-30 23:42:49.499 [main] JDBCTest - ---------------------------------------------------------------------------
[DEBUG] 2023-08-30 23:43:38.993 [main] JDBCTest - ---------------------------------------------------------------------------
[DEBUG] 2023-08-30 23:43:38.999 [main] JDBCTest - -- Run test: 
[DEBUG] 2023-08-30 23:43:38.999 [main] JDBCTest - ---------------------------------------------------------------------------
[DEBUG] 2023-08-30 23:43:39.185 [main] MySQLDriver - Create mysql connection
[DEBUG] 2023-08-30 23:43:39.982 [main] JDBCTest - ---------------------------------------------------------------------------
[DEBUG] 2023-08-30 23:43:39.983 [main] JDBCTest - -- End test: 
[DEBUG] 2023-08-30 23:43:39.983 [main] JDBCTest - ---------------------------------------------------------------------------
[DEBUG] 2023-08-30 23:44:27.978 [main] JDBCTest - ---------------------------------------------------------------------------
[DEBUG] 2023-08-30 23:44:27.986 [main] JDBCTest - -- Run test: 
[DEBUG] 2023-08-30 23:44:27.986 [main] JDBCTest - ---------------------------------------------------------------------------
[DEBUG] 2023-08-30 23:44:28.207 [main] MySQLDriver - Create mysql connection
[DEBUG] 2023-08-30 23:44:29.187 [main] JDBCTest - ---------------------------------------------------------------------------
[DEBUG] 2023-08-30 23:44:29.188 [main] JDBCTest - -- End test: 
[DEBUG] 2023-08-30 23:44:29.189 [main] JDBCTest - ---------------------------------------------------------------------------
[DEBUG] 2023-08-31 00:14:06.394 [main] JDBCTest - ---------------------------------------------------------------------------
[DEBUG] 2023-08-31 00:14:06.400 [main] JDBCTest - -- Run test: 
[DEBUG] 2023-08-31 00:14:06.400 [main] JDBCTest - ---------------------------------------------------------------------------
[DEBUG] 2023-08-31 00:14:06.573 [main] MySQLDriver - Create mysql connection
[DEBUG] 2023-08-31 00:14:07.327 [main] JDBCTest - ---------------------------------------------------------------------------
[DEBUG] 2023-08-31 00:14:07.327 [main] JDBCTest - -- End test: 
[DEBUG] 2023-08-31 00:14:07.328 [main] JDBCTest - ---------------------------------------------------------------------------
[DEBUG] 2023-08-31 00:30:00.253 [main] JDBCTest - ---------------------------------------------------------------------------
[DEBUG] 2023-08-31 00:30:00.260 [main] JDBCTest - -- Run test: 
[DEBUG] 2023-08-31 00:30:00.261 [main] JDBCTest - ---------------------------------------------------------------------------
[DEBUG] 2023-08-31 00:30:00.440 [main] MySQLDriver - Create mysql connection
[DEBUG] 2023-08-31 00:30:01.310 [main] JDBCTest - ---------------------------------------------------------------------------
[DEBUG] 2023-08-31 00:30:01.311 [main] JDBCTest - -- End test: 
[DEBUG] 2023-08-31 00:30:01.312 [main] JDBCTest - ---------------------------------------------------------------------------
[DEBUG] 2023-08-31 00:30:37.657 [main] JDBCTest - ---------------------------------------------------------------------------
[DEBUG] 2023-08-31 00:30:37.666 [main] JDBCTest - -- Run test: 
[DEBUG] 2023-08-31 00:30:37.666 [main] JDBCTest - ---------------------------------------------------------------------------
[DEBUG] 2023-08-31 00:30:37.853 [main] MySQLDriver - Create mysql connection
[DEBUG] 2023-08-31 00:30:38.647 [main] JDBCTest - ---------------------------------------------------------------------------
[DEBUG] 2023-08-31 00:30:38.647 [main] JDBCTest - -- End test: 
[DEBUG] 2023-08-31 00:30:38.647 [main] JDBCTest - ---------------------------------------------------------------------------
[DEBUG] 2023-08-31 00:31:32.824 [main] JDBCTest - ---------------------------------------------------------------------------
[DEBUG] 2023-08-31 00:31:32.832 [main] JDBCTest - -- Run test: 
[DEBUG] 2023-08-31 00:31:32.832 [main] JDBCTest - ---------------------------------------------------------------------------
[DEBUG] 2023-08-31 00:31:33.017 [main] MySQLDriver - Create mysql connection
[DEBUG] 2023-08-31 00:31:33.764 [main] JDBCTest - ---------------------------------------------------------------------------
[DEBUG] 2023-08-31 00:31:33.765 [main] JDBCTest - -- End test: 
[DEBUG] 2023-08-31 00:31:33.766 [main] JDBCTest - ---------------------------------------------------------------------------
[DEBUG] 2023-08-31 00:49:49.574 [main] JDBCTest - ---------------------------------------------------------------------------
[DEBUG] 2023-08-31 00:49:49.582 [main] JDBCTest - -- Run test: 
[DEBUG] 2023-08-31 00:49:49.582 [main] JDBCTest - ---------------------------------------------------------------------------
[DEBUG] 2023-08-31 00:49:49.816 [main] MySQLDriver - Create mysql connection
[DEBUG] 2023-08-31 00:49:50.589 [main] JDBCTest - ---------------------------------------------------------------------------
[DEBUG] 2023-08-31 00:49:50.589 [main] JDBCTest - -- End test: 
[DEBUG] 2023-08-31 00:49:50.590 [main] JDBCTest - ---------------------------------------------------------------------------
[DEBUG] 2023-08-31 00:52:31.578 [main] JDBCTest - ---------------------------------------------------------------------------
[DEBUG] 2023-08-31 00:52:31.584 [main] JDBCTest - -- Run test: 
[DEBUG] 2023-08-31 00:52:31.584 [main] JDBCTest - ---------------------------------------------------------------------------
[DEBUG] 2023-08-31 00:52:31.826 [main] MySQLDriver - Create mysql connection
[DEBUG] 2023-08-31 00:52:32.583 [main] JDBCTest - ---------------------------------------------------------------------------
[DEBUG] 2023-08-31 00:52:32.584 [main] JDBCTest - -- End test: 
[DEBUG] 2023-08-31 00:52:32.584 [main] JDBCTest - ---------------------------------------------------------------------------
[DEBUG] 2023-08-31 00:53:09.240 [main] JDBCTest - ---------------------------------------------------------------------------
[DEBUG] 2023-08-31 00:53:09.247 [main] JDBCTest - -- Run test: 
[DEBUG] 2023-08-31 00:53:09.248 [main] JDBCTest - ---------------------------------------------------------------------------
[DEBUG] 2023-08-31 00:53:09.515 [main] MySQLDriver - Create mysql connection
[DEBUG] 2023-08-31 00:53:10.453 [main] JDBCTest - ---------------------------------------------------------------------------
[DEBUG] 2023-08-31 00:53:10.454 [main] JDBCTest - -- End test: 
[DEBUG] 2023-08-31 00:53:10.454 [main] JDBCTest - ---------------------------------------------------------------------------
[DEBUG] 2023-08-31 00:55:47.284 [main] JDBCTest - ---------------------------------------------------------------------------
[DEBUG] 2023-08-31 00:55:47.298 [main] JDBCTest - -- Run test: 
[DEBUG] 2023-08-31 00:55:47.299 [main] JDBCTest - ---------------------------------------------------------------------------
[DEBUG] 2023-08-31 00:55:47.717 [main] MySQLDriver - Create mysql connection
[DEBUG] 2023-08-31 00:55:48.149 [main] JDBCTest - ---------------------------------------------------------------------------
[DEBUG] 2023-08-31 00:55:48.161 [main] JDBCTest - -- Run test: 
[DEBUG] 2023-08-31 00:55:48.162 [main] JDBCTest - ---------------------------------------------------------------------------
[DEBUG] 2023-08-31 00:55:48.709 [main] MySQLDriver - Create mysql connection
[DEBUG] 2023-08-31 00:55:49.484 [main] JDBCTest - ---------------------------------------------------------------------------
[DEBUG] 2023-08-31 00:55:49.487 [main] JDBCTest - -- End test: 
[DEBUG] 2023-08-31 00:55:49.487 [main] JDBCTest - ---------------------------------------------------------------------------
[DEBUG] 2023-08-31 00:55:50.262 [main] JDBCTest - ---------------------------------------------------------------------------
[DEBUG] 2023-08-31 00:55:50.262 [main] JDBCTest - -- End test: 
[DEBUG] 2023-08-31 00:55:50.263 [main] JDBCTest - ---------------------------------------------------------------------------
[DEBUG] 2023-08-31 00:56:50.292 [main] JDBCTest - ---------------------------------------------------------------------------
[DEBUG] 2023-08-31 00:56:50.298 [main] JDBCTest - -- Run test: 
[DEBUG] 2023-08-31 00:56:50.298 [main] JDBCTest - ---------------------------------------------------------------------------
[DEBUG] 2023-08-31 00:56:50.521 [main] MySQLDriver - Create mysql connection
[DEBUG] 2023-08-31 00:56:51.298 [main] JDBCTest - ---------------------------------------------------------------------------
[DEBUG] 2023-08-31 00:56:51.299 [main] JDBCTest - -- End test: 
[DEBUG] 2023-08-31 00:56:51.299 [main] JDBCTest - ---------------------------------------------------------------------------
[DEBUG] 2023-08-31 01:03:05.477 [main] JDBCTest - ---------------------------------------------------------------------------
[DEBUG] 2023-08-31 01:03:05.486 [main] JDBCTest - -- Run test: 
[DEBUG] 2023-08-31 01:03:05.487 [main] JDBCTest - ---------------------------------------------------------------------------
[DEBUG] 2023-08-31 01:03:05.715 [main] MySQLDriver - Create mysql connection
[DEBUG] 2023-08-31 01:03:06.468 [main] JDBCTest - ---------------------------------------------------------------------------
[DEBUG] 2023-08-31 01:03:06.469 [main] JDBCTest - -- End test: 
[DEBUG] 2023-08-31 01:03:06.469 [main] JDBCTest - ---------------------------------------------------------------------------
[DEBUG] 2023-08-31 01:06:10.550 [main] JDBCTest - ---------------------------------------------------------------------------
[DEBUG] 2023-08-31 01:06:10.556 [main] JDBCTest - -- Run test: 
[DEBUG] 2023-08-31 01:06:10.556 [main] JDBCTest - ---------------------------------------------------------------------------
[DEBUG] 2023-08-31 01:06:10.747 [main] MySQLDriver - Create mysql connection
[DEBUG] 2023-08-31 01:06:11.478 [main] JDBCTest - ---------------------------------------------------------------------------
[DEBUG] 2023-08-31 01:06:11.479 [main] JDBCTest - -- End test: 
[DEBUG] 2023-08-31 01:06:11.479 [main] JDBCTest - ---------------------------------------------------------------------------
[DEBUG] 2023-08-31 01:10:16.156 [main] JDBCTest - ---------------------------------------------------------------------------
[DEBUG] 2023-08-31 01:10:16.163 [main] JDBCTest - -- Run test: 
[DEBUG] 2023-08-31 01:10:16.164 [main] JDBCTest - ---------------------------------------------------------------------------
[DEBUG] 2023-08-31 01:10:16.512 [main] MySQLDriver - Create mysql connection
[DEBUG] 2023-08-31 01:10:17.649 [main] JDBCTest - ---------------------------------------------------------------------------
[DEBUG] 2023-08-31 01:10:17.650 [main] JDBCTest - -- End test: 
[DEBUG] 2023-08-31 01:10:17.650 [main] JDBCTest - ---------------------------------------------------------------------------
[DEBUG] 2023-08-31 01:23:30.461 [main] JDBCTest - ---------------------------------------------------------------------------
[DEBUG] 2023-08-31 01:23:30.466 [main] JDBCTest - -- Run test: 
[DEBUG] 2023-08-31 01:23:30.467 [main] JDBCTest - ---------------------------------------------------------------------------
[DEBUG] 2023-08-31 01:23:30.673 [main] MySQLDriver - Create mysql connection
[DEBUG] 2023-08-31 01:23:31.425 [main] JDBCTest - ---------------------------------------------------------------------------
[DEBUG] 2023-08-31 01:23:31.426 [main] JDBCTest - -- End test: 
[DEBUG] 2023-08-31 01:23:31.426 [main] JDBCTest - ---------------------------------------------------------------------------
[DEBUG] 2023-08-31 01:24:27.998 [main] JDBCTest - ---------------------------------------------------------------------------
[DEBUG] 2023-08-31 01:24:28.004 [main] JDBCTest - -- Run test: 
[DEBUG] 2023-08-31 01:24:28.004 [main] JDBCTest - ---------------------------------------------------------------------------
[DEBUG] 2023-08-31 01:24:28.199 [main] MySQLDriver - Create mysql connection
[DEBUG] 2023-08-31 01:24:29.011 [main] JDBCTest - ---------------------------------------------------------------------------
[DEBUG] 2023-08-31 01:24:29.012 [main] JDBCTest - -- End test: 
[DEBUG] 2023-08-31 01:24:29.012 [main] JDBCTest - ---------------------------------------------------------------------------
[DEBUG] 2023-08-31 01:24:59.281 [main] JDBCTest - ---------------------------------------------------------------------------
[DEBUG] 2023-08-31 01:24:59.289 [main] JDBCTest - -- Run test: 
[DEBUG] 2023-08-31 01:24:59.289 [main] JDBCTest - ---------------------------------------------------------------------------
[DEBUG] 2023-08-31 01:24:59.557 [main] MySQLDriver - Create mysql connection
[DEBUG] 2023-08-31 01:25:00.527 [main] JDBCTest - ---------------------------------------------------------------------------
[DEBUG] 2023-08-31 01:25:00.528 [main] JDBCTest - -- End test: 
[DEBUG] 2023-08-31 01:25:00.528 [main] JDBCTest - ---------------------------------------------------------------------------
[DEBUG] 2023-08-31 01:32:10.578 [main] JDBCTest - ---------------------------------------------------------------------------
[DEBUG] 2023-08-31 01:32:10.585 [main] JDBCTest - -- Run test: 
[DEBUG] 2023-08-31 01:32:10.585 [main] JDBCTest - ---------------------------------------------------------------------------
[DEBUG] 2023-08-31 01:32:10.792 [main] MySQLDriver - Create mysql connection
[DEBUG] 2023-08-31 01:32:11.701 [main] JDBCTest - ---------------------------------------------------------------------------
[DEBUG] 2023-08-31 01:32:11.702 [main] JDBCTest - -- End test: 
[DEBUG] 2023-08-31 01:32:11.703 [main] JDBCTest - ---------------------------------------------------------------------------
[DEBUG] 2023-08-31 01:33:42.143 [main] JDBCTest - ---------------------------------------------------------------------------
[DEBUG] 2023-08-31 01:33:42.148 [main] JDBCTest - -- Run test: 
[DEBUG] 2023-08-31 01:33:42.148 [main] JDBCTest - ---------------------------------------------------------------------------
[DEBUG] 2023-08-31 01:33:42.326 [main] MySQLDriver - Create mysql connection
[DEBUG] 2023-08-31 01:33:43.016 [main] JDBCTest - ---------------------------------------------------------------------------
[DEBUG] 2023-08-31 01:33:43.016 [main] JDBCTest - -- End test: 
[DEBUG] 2023-08-31 01:33:43.016 [main] JDBCTest - ---------------------------------------------------------------------------
[DEBUG] 2023-08-31 01:34:21.521 [main] JDBCTest - ---------------------------------------------------------------------------
[DEBUG] 2023-08-31 01:34:21.526 [main] JDBCTest - -- Run test: 
[DEBUG] 2023-08-31 01:34:21.526 [main] JDBCTest - ---------------------------------------------------------------------------
[DEBUG] 2023-08-31 01:34:21.700 [main] MySQLDriver - Create mysql connection
[DEBUG] 2023-08-31 01:34:22.506 [main] JDBCTest - ---------------------------------------------------------------------------
[DEBUG] 2023-08-31 01:34:22.507 [main] JDBCTest - -- End test: 
[DEBUG] 2023-08-31 01:34:22.507 [main] JDBCTest - ---------------------------------------------------------------------------
[DEBUG] 2023-08-31 01:36:12.662 [main] JDBCTest - ---------------------------------------------------------------------------
[DEBUG] 2023-08-31 01:36:12.668 [main] JDBCTest - -- Run test: 
[DEBUG] 2023-08-31 01:36:12.668 [main] JDBCTest - ---------------------------------------------------------------------------
[DEBUG] 2023-08-31 01:36:12.843 [main] MySQLDriver - Create mysql connection
[DEBUG] 2023-08-31 01:36:13.594 [main] JDBCTest - ---------------------------------------------------------------------------
[DEBUG] 2023-08-31 01:36:13.595 [main] JDBCTest - -- End test: 
[DEBUG] 2023-08-31 01:36:13.595 [main] JDBCTest - ---------------------------------------------------------------------------
[DEBUG] 2023-08-31 01:38:19.230 [main] JDBCTest - ---------------------------------------------------------------------------
[DEBUG] 2023-08-31 01:38:19.235 [main] JDBCTest - -- Run test: 
[DEBUG] 2023-08-31 01:38:19.235 [main] JDBCTest - ---------------------------------------------------------------------------
[DEBUG] 2023-08-31 01:38:19.426 [main] MySQLDriver - Create mysql connection
[DEBUG] 2023-08-31 01:38:21.097 [main] JDBCTest - ---------------------------------------------------------------------------
[DEBUG] 2023-08-31 01:38:21.098 [main] JDBCTest - -- End test: 
[DEBUG] 2023-08-31 01:38:21.098 [main] JDBCTest - ---------------------------------------------------------------------------
[DEBUG] 2023-08-31 01:42:08.029 [main] JDBCTest - ---------------------------------------------------------------------------
[DEBUG] 2023-08-31 01:42:08.035 [main] JDBCTest - -- Run test: 
[DEBUG] 2023-08-31 01:42:08.035 [main] JDBCTest - ---------------------------------------------------------------------------
[DEBUG] 2023-08-31 01:42:08.260 [main] MySQLDriver - Create mysql connection
[DEBUG] 2023-08-31 01:42:09.048 [main] JDBCTest - ---------------------------------------------------------------------------
[DEBUG] 2023-08-31 01:42:09.049 [main] JDBCTest - -- End test: 
[DEBUG] 2023-08-31 01:42:09.050 [main] JDBCTest - ---------------------------------------------------------------------------
[DEBUG] 2023-08-31 01:59:22.166 [main] JDBCTest - ---------------------------------------------------------------------------
[DEBUG] 2023-08-31 01:59:22.173 [main] JDBCTest - -- Run test: 
[DEBUG] 2023-08-31 01:59:22.173 [main] JDBCTest - ---------------------------------------------------------------------------
[DEBUG] 2023-08-31 01:59:22.418 [main] MySQLDriver - Create mysql connection
[DEBUG] 2023-08-31 01:59:23.274 [main] JDBCTest - ---------------------------------------------------------------------------
[DEBUG] 2023-08-31 01:59:23.275 [main] JDBCTest - -- End test: 
[DEBUG] 2023-08-31 01:59:23.275 [main] JDBCTest - ---------------------------------------------------------------------------
[DEBUG] 2023-08-31 02:03:30.449 [main] JDBCTest - ---------------------------------------------------------------------------
[DEBUG] 2023-08-31 02:03:30.455 [main] JDBCTest - -- Run test: 
[DEBUG] 2023-08-31 02:03:30.456 [main] JDBCTest - ---------------------------------------------------------------------------
[DEBUG] 2023-08-31 02:03:30.670 [main] MySQLDriver - Create mysql connection
[DEBUG] 2023-08-31 02:03:31.595 [main] JDBCTest - ---------------------------------------------------------------------------
[DEBUG] 2023-08-31 02:03:31.596 [main] JDBCTest - -- End test: 
[DEBUG] 2023-08-31 02:03:31.596 [main] JDBCTest - ---------------------------------------------------------------------------
[DEBUG] 2023-08-31 02:08:21.273 [main] JDBCTest - ---------------------------------------------------------------------------
[DEBUG] 2023-08-31 02:08:21.286 [main] JDBCTest - -- Run test: 
[DEBUG] 2023-08-31 02:08:21.287 [main] JDBCTest - ---------------------------------------------------------------------------
[DEBUG] 2023-08-31 02:08:21.521 [main] MySQLDriver - Create mysql connection
[DEBUG] 2023-08-31 02:08:22.649 [main] JDBCTest - ---------------------------------------------------------------------------
[DEBUG] 2023-08-31 02:08:22.650 [main] JDBCTest - -- End test: 
[DEBUG] 2023-08-31 02:08:22.650 [main] JDBCTest - ---------------------------------------------------------------------------
[DEBUG] 2023-08-31 02:10:29.089 [main] JDBCTest - ---------------------------------------------------------------------------
[DEBUG] 2023-08-31 02:10:29.095 [main] JDBCTest - -- Run test: 
[DEBUG] 2023-08-31 02:10:29.095 [main] JDBCTest - ---------------------------------------------------------------------------
[DEBUG] 2023-08-31 02:10:29.337 [main] MySQLDriver - Create mysql connection
[DEBUG] 2023-08-31 02:10:30.128 [main] JDBCTest - ---------------------------------------------------------------------------
[DEBUG] 2023-08-31 02:10:30.128 [main] JDBCTest - -- End test: 
[DEBUG] 2023-08-31 02:10:30.129 [main] JDBCTest - ---------------------------------------------------------------------------
[DEBUG] 2023-08-31 02:12:55.913 [main] JDBCTest - ---------------------------------------------------------------------------
[DEBUG] 2023-08-31 02:12:55.919 [main] JDBCTest - -- Run test: 
[DEBUG] 2023-08-31 02:12:55.919 [main] JDBCTest - ---------------------------------------------------------------------------
[DEBUG] 2023-08-31 02:12:56.103 [main] MySQLDriver - Create mysql connection
[DEBUG] 2023-08-31 02:12:56.949 [main] JDBCTest - ---------------------------------------------------------------------------
[DEBUG] 2023-08-31 02:12:56.949 [main] JDBCTest - -- End test: 
[DEBUG] 2023-08-31 02:12:56.950 [main] JDBCTest - ---------------------------------------------------------------------------
[DEBUG] 2023-08-31 02:13:11.019 [main] JDBCTest - ---------------------------------------------------------------------------
[DEBUG] 2023-08-31 02:13:11.026 [main] JDBCTest - -- Run test: 
[DEBUG] 2023-08-31 02:13:11.026 [main] JDBCTest - ---------------------------------------------------------------------------
[DEBUG] 2023-08-31 02:13:11.227 [main] MySQLDriver - Create mysql connection
[DEBUG] 2023-08-31 02:13:12.058 [main] JDBCTest - ---------------------------------------------------------------------------
[DEBUG] 2023-08-31 02:13:12.059 [main] JDBCTest - -- End test: 
[DEBUG] 2023-08-31 02:13:12.059 [main] JDBCTest - ---------------------------------------------------------------------------
[DEBUG] 2023-08-31 02:13:24.253 [main] JDBCTest - ---------------------------------------------------------------------------
[DEBUG] 2023-08-31 02:13:24.261 [main] JDBCTest - -- Run test: 
[DEBUG] 2023-08-31 02:13:24.261 [main] JDBCTest - ---------------------------------------------------------------------------
[DEBUG] 2023-08-31 02:13:24.509 [main] MySQLDriver - Create mysql connection
[DEBUG] 2023-08-31 02:13:25.374 [main] JDBCTest - ---------------------------------------------------------------------------
[DEBUG] 2023-08-31 02:13:25.375 [main] JDBCTest - -- End test: 
[DEBUG] 2023-08-31 02:13:25.375 [main] JDBCTest - ---------------------------------------------------------------------------
[DEBUG] 2023-08-31 02:13:51.368 [main] JDBCTest - ---------------------------------------------------------------------------
[DEBUG] 2023-08-31 02:13:51.378 [main] JDBCTest - -- Run test: 
[DEBUG] 2023-08-31 02:13:51.378 [main] JDBCTest - ---------------------------------------------------------------------------
[DEBUG] 2023-08-31 02:13:51.682 [main] MySQLDriver - Create mysql connection
[DEBUG] 2023-08-31 02:13:52.681 [main] JDBCTest - ---------------------------------------------------------------------------
[DEBUG] 2023-08-31 02:13:52.681 [main] JDBCTest - -- End test: 
[DEBUG] 2023-08-31 02:13:52.682 [main] JDBCTest - ---------------------------------------------------------------------------
[DEBUG] 2023-08-31 02:21:30.941 [main] JDBCTest - ---------------------------------------------------------------------------
[DEBUG] 2023-08-31 02:21:30.947 [main] JDBCTest - -- Run test: 
[DEBUG] 2023-08-31 02:21:30.947 [main] JDBCTest - ---------------------------------------------------------------------------
[DEBUG] 2023-08-31 02:21:31.137 [main] MySQLDriver - Create mysql connection
[DEBUG] 2023-08-31 02:21:31.874 [main] JDBCTest - ---------------------------------------------------------------------------
[DEBUG] 2023-08-31 02:21:31.875 [main] JDBCTest - -- End test: 
[DEBUG] 2023-08-31 02:21:31.875 [main] JDBCTest - ---------------------------------------------------------------------------
[DEBUG] 2023-08-31 02:21:57.173 [main] JDBCTest - ---------------------------------------------------------------------------
[DEBUG] 2023-08-31 02:21:57.179 [main] JDBCTest - -- Run test: 
[DEBUG] 2023-08-31 02:21:57.179 [main] JDBCTest - ---------------------------------------------------------------------------
[DEBUG] 2023-08-31 02:21:57.355 [main] MySQLDriver - Create mysql connection
[DEBUG] 2023-08-31 02:21:58.103 [main] JDBCTest - ---------------------------------------------------------------------------
[DEBUG] 2023-08-31 02:21:58.103 [main] JDBCTest - -- End test: 
[DEBUG] 2023-08-31 02:21:58.103 [main] JDBCTest - ---------------------------------------------------------------------------
[DEBUG] 2023-08-31 02:22:43.285 [main] JDBCTest - ---------------------------------------------------------------------------
[DEBUG] 2023-08-31 02:22:43.291 [main] JDBCTest - -- Run test: 
[DEBUG] 2023-08-31 02:22:43.291 [main] JDBCTest - ---------------------------------------------------------------------------
[DEBUG] 2023-08-31 02:22:43.454 [main] MySQLDriver - Create mysql connection
[DEBUG] 2023-08-31 02:22:44.104 [main] JDBCTest - ---------------------------------------------------------------------------
[DEBUG] 2023-08-31 02:22:44.105 [main] JDBCTest - -- End test: 
[DEBUG] 2023-08-31 02:22:44.106 [main] JDBCTest - ---------------------------------------------------------------------------
[DEBUG] 2023-08-31 02:23:06.141 [main] JDBCTest - ---------------------------------------------------------------------------
[DEBUG] 2023-08-31 02:23:06.147 [main] JDBCTest - -- Run test: 
[DEBUG] 2023-08-31 02:23:06.147 [main] JDBCTest - ---------------------------------------------------------------------------
[DEBUG] 2023-08-31 02:23:06.372 [main] MySQLDriver - Create mysql connection
[DEBUG] 2023-08-31 02:23:07.070 [main] JDBCTest - ---------------------------------------------------------------------------
[DEBUG] 2023-08-31 02:23:07.071 [main] JDBCTest - -- End test: 
[DEBUG] 2023-08-31 02:23:07.071 [main] JDBCTest - ---------------------------------------------------------------------------
[DEBUG] 2023-08-31 02:23:23.594 [main] JDBCTest - ---------------------------------------------------------------------------
[DEBUG] 2023-08-31 02:23:23.601 [main] JDBCTest - -- Run test: 
[DEBUG] 2023-08-31 02:23:23.601 [main] JDBCTest - ---------------------------------------------------------------------------
[DEBUG] 2023-08-31 02:23:23.789 [main] MySQLDriver - Create mysql connection
[DEBUG] 2023-08-31 02:23:24.490 [main] JDBCTest - ---------------------------------------------------------------------------
[DEBUG] 2023-08-31 02:23:24.491 [main] JDBCTest - -- End test: 
[DEBUG] 2023-08-31 02:23:24.491 [main] JDBCTest - ---------------------------------------------------------------------------
[DEBUG] 2023-08-31 02:23:42.342 [main] JDBCTest - ---------------------------------------------------------------------------
[DEBUG] 2023-08-31 02:23:42.347 [main] JDBCTest - -- Run test: 
[DEBUG] 2023-08-31 02:23:42.348 [main] JDBCTest - ---------------------------------------------------------------------------
[DEBUG] 2023-08-31 02:23:42.535 [main] MySQLDriver - Create mysql connection
[DEBUG] 2023-08-31 02:23:43.278 [main] JDBCTest - ---------------------------------------------------------------------------
[DEBUG] 2023-08-31 02:23:43.279 [main] JDBCTest - -- End test: 
[DEBUG] 2023-08-31 02:23:43.280 [main] JDBCTest - ---------------------------------------------------------------------------
[DEBUG] 2023-08-31 02:23:58.889 [main] JDBCTest - ---------------------------------------------------------------------------
[DEBUG] 2023-08-31 02:23:58.895 [main] JDBCTest - -- Run test: 
[DEBUG] 2023-08-31 02:23:58.895 [main] JDBCTest - ---------------------------------------------------------------------------
[DEBUG] 2023-08-31 02:23:59.080 [main] MySQLDriver - Create mysql connection
[DEBUG] 2023-08-31 02:23:59.882 [main] JDBCTest - ---------------------------------------------------------------------------
[DEBUG] 2023-08-31 02:23:59.882 [main] JDBCTest - -- End test: 
[DEBUG] 2023-08-31 02:23:59.883 [main] JDBCTest - ---------------------------------------------------------------------------
[DEBUG] 2023-08-31 02:24:16.366 [main] JDBCTest - ---------------------------------------------------------------------------
[DEBUG] 2023-08-31 02:24:16.373 [main] JDBCTest - -- Run test: 
[DEBUG] 2023-08-31 02:24:16.373 [main] JDBCTest - ---------------------------------------------------------------------------
[DEBUG] 2023-08-31 02:24:16.635 [main] MySQLDriver - Create mysql connection
[DEBUG] 2023-08-31 02:24:17.576 [main] JDBCTest - ---------------------------------------------------------------------------
[DEBUG] 2023-08-31 02:24:17.577 [main] JDBCTest - -- End test: 
[DEBUG] 2023-08-31 02:24:17.577 [main] JDBCTest - ---------------------------------------------------------------------------
[DEBUG] 2023-08-31 02:24:34.505 [main] JDBCTest - ---------------------------------------------------------------------------
[DEBUG] 2023-08-31 02:24:34.512 [main] JDBCTest - -- Run test: 
[DEBUG] 2023-08-31 02:24:34.513 [main] JDBCTest - ---------------------------------------------------------------------------
[DEBUG] 2023-08-31 02:24:34.696 [main] MySQLDriver - Create mysql connection
[DEBUG] 2023-08-31 02:24:35.478 [main] JDBCTest - ---------------------------------------------------------------------------
[DEBUG] 2023-08-31 02:24:35.478 [main] JDBCTest - -- End test: 
[DEBUG] 2023-08-31 02:24:35.479 [main] JDBCTest - ---------------------------------------------------------------------------
[DEBUG] 2023-08-31 02:24:55.185 [main] JDBCTest - ---------------------------------------------------------------------------
[DEBUG] 2023-08-31 02:24:55.197 [main] JDBCTest - -- Run test: 
[DEBUG] 2023-08-31 02:24:55.197 [main] JDBCTest - ---------------------------------------------------------------------------
[DEBUG] 2023-08-31 02:24:55.561 [main] MySQLDriver - Create mysql connection
[DEBUG] 2023-08-31 02:24:56.975 [main] JDBCTest - ---------------------------------------------------------------------------
[DEBUG] 2023-08-31 02:24:56.976 [main] JDBCTest - -- End test: 
[DEBUG] 2023-08-31 02:24:56.976 [main] JDBCTest - ---------------------------------------------------------------------------
[DEBUG] 2023-08-31 02:25:12.293 [main] JDBCTest - ---------------------------------------------------------------------------
[DEBUG] 2023-08-31 02:25:12.300 [main] JDBCTest - -- Run test: 
[DEBUG] 2023-08-31 02:25:12.301 [main] JDBCTest - ---------------------------------------------------------------------------
[DEBUG] 2023-08-31 02:25:12.492 [main] MySQLDriver - Create mysql connection
[DEBUG] 2023-08-31 02:25:13.452 [main] JDBCTest - ---------------------------------------------------------------------------
[DEBUG] 2023-08-31 02:25:13.453 [main] JDBCTest - -- End test: 
[DEBUG] 2023-08-31 02:25:13.454 [main] JDBCTest - ---------------------------------------------------------------------------
[DEBUG] 2023-08-31 02:25:25.853 [main] JDBCTest - ---------------------------------------------------------------------------
[DEBUG] 2023-08-31 02:25:25.859 [main] JDBCTest - -- Run test: 
[DEBUG] 2023-08-31 02:25:25.859 [main] JDBCTest - ---------------------------------------------------------------------------
[DEBUG] 2023-08-31 02:25:26.056 [main] MySQLDriver - Create mysql connection
[DEBUG] 2023-08-31 02:25:26.921 [main] JDBCTest - ---------------------------------------------------------------------------
[DEBUG] 2023-08-31 02:25:26.922 [main] JDBCTest - -- End test: 
[DEBUG] 2023-08-31 02:25:26.922 [main] JDBCTest - ---------------------------------------------------------------------------
[DEBUG] 2023-08-31 02:25:39.624 [main] JDBCTest - ---------------------------------------------------------------------------
[DEBUG] 2023-08-31 02:25:39.631 [main] JDBCTest - -- Run test: 
[DEBUG] 2023-08-31 02:25:39.632 [main] JDBCTest - ---------------------------------------------------------------------------
[DEBUG] 2023-08-31 02:25:39.936 [main] MySQLDriver - Create mysql connection
[DEBUG] 2023-08-31 02:25:40.791 [main] JDBCTest - ---------------------------------------------------------------------------
[DEBUG] 2023-08-31 02:25:40.791 [main] JDBCTest - -- End test: 
[DEBUG] 2023-08-31 02:25:40.792 [main] JDBCTest - ---------------------------------------------------------------------------
[DEBUG] 2023-08-31 02:26:39.768 [main] JDBCTest - ---------------------------------------------------------------------------
[DEBUG] 2023-08-31 02:26:39.774 [main] JDBCTest - -- Run test: 
[DEBUG] 2023-08-31 02:26:39.774 [main] JDBCTest - ---------------------------------------------------------------------------
[DEBUG] 2023-08-31 02:26:39.969 [main] MySQLDriver - Create mysql connection
[DEBUG] 2023-08-31 02:26:40.817 [main] JDBCTest - ---------------------------------------------------------------------------
[DEBUG] 2023-08-31 02:26:40.817 [main] JDBCTest - -- End test: 
[DEBUG] 2023-08-31 02:26:40.817 [main] JDBCTest - ---------------------------------------------------------------------------
[DEBUG] 2023-08-31 02:28:48.642 [main] JDBCTest - ---------------------------------------------------------------------------
[DEBUG] 2023-08-31 02:28:48.647 [main] JDBCTest - -- Run test: 
[DEBUG] 2023-08-31 02:28:48.648 [main] JDBCTest - ---------------------------------------------------------------------------
[DEBUG] 2023-08-31 02:28:48.845 [main] MySQLDriver - Create mysql connection
[DEBUG] 2023-08-31 02:28:49.690 [main] JDBCTest - ---------------------------------------------------------------------------
[DEBUG] 2023-08-31 02:28:49.691 [main] JDBCTest - -- End test: 
[DEBUG] 2023-08-31 02:28:49.691 [main] JDBCTest - ---------------------------------------------------------------------------
[DEBUG] 2023-08-31 02:29:27.927 [main] JDBCTest - ---------------------------------------------------------------------------
[DEBUG] 2023-08-31 02:29:27.934 [main] JDBCTest - -- Run test: 
[DEBUG] 2023-08-31 02:29:27.935 [main] JDBCTest - ---------------------------------------------------------------------------
[DEBUG] 2023-08-31 02:29:28.107 [main] MySQLDriver - Create mysql connection
[DEBUG] 2023-08-31 02:29:28.856 [main] JDBCTest - ---------------------------------------------------------------------------
[DEBUG] 2023-08-31 02:29:28.857 [main] JDBCTest - -- End test: 
[DEBUG] 2023-08-31 02:29:28.857 [main] JDBCTest - ---------------------------------------------------------------------------
[DEBUG] 2023-08-31 02:29:50.007 [main] JDBCTest - ---------------------------------------------------------------------------
[DEBUG] 2023-08-31 02:29:50.015 [main] JDBCTest - -- Run test: 
[DEBUG] 2023-08-31 02:29:50.015 [main] JDBCTest - ---------------------------------------------------------------------------
[DEBUG] 2023-08-31 02:29:50.599 [main] MySQLDriver - Create mysql connection
[DEBUG] 2023-08-31 02:29:52.462 [main] JDBCTest - ---------------------------------------------------------------------------
[DEBUG] 2023-08-31 02:29:52.463 [main] JDBCTest - -- End test: 
[DEBUG] 2023-08-31 02:29:52.463 [main] JDBCTest - ---------------------------------------------------------------------------
[DEBUG] 2023-08-31 02:30:06.696 [main] JDBCTest - ---------------------------------------------------------------------------
[DEBUG] 2023-08-31 02:30:06.705 [main] JDBCTest - -- Run test: 
[DEBUG] 2023-08-31 02:30:06.705 [main] JDBCTest - ---------------------------------------------------------------------------
[DEBUG] 2023-08-31 02:30:06.940 [main] MySQLDriver - Create mysql connection
[DEBUG] 2023-08-31 02:30:08.070 [main] JDBCTest - ---------------------------------------------------------------------------
[DEBUG] 2023-08-31 02:30:08.071 [main] JDBCTest - -- End test: 
[DEBUG] 2023-08-31 02:30:08.072 [main] JDBCTest - ---------------------------------------------------------------------------
[DEBUG] 2023-08-31 02:30:39.895 [main] JDBCTest - ---------------------------------------------------------------------------
[DEBUG] 2023-08-31 02:30:39.903 [main] JDBCTest - -- Run test: 
[DEBUG] 2023-08-31 02:30:39.903 [main] JDBCTest - ---------------------------------------------------------------------------
[DEBUG] 2023-08-31 02:30:40.184 [main] MySQLDriver - Create mysql connection
[DEBUG] 2023-08-31 02:30:41.291 [main] JDBCTest - ---------------------------------------------------------------------------
[DEBUG] 2023-08-31 02:30:41.292 [main] JDBCTest - -- End test: 
[DEBUG] 2023-08-31 02:30:41.292 [main] JDBCTest - ---------------------------------------------------------------------------
[DEBUG] 2023-08-31 02:31:05.291 [main] JDBCTest - ---------------------------------------------------------------------------
[DEBUG] 2023-08-31 02:31:05.305 [main] JDBCTest - -- Run test: 
[DEBUG] 2023-08-31 02:31:05.306 [main] JDBCTest - ---------------------------------------------------------------------------
[DEBUG] 2023-08-31 02:31:05.574 [main] MySQLDriver - Create mysql connection
[DEBUG] 2023-08-31 02:31:06.542 [main] JDBCTest - ---------------------------------------------------------------------------
[DEBUG] 2023-08-31 02:31:06.543 [main] JDBCTest - -- End test: 
[DEBUG] 2023-08-31 02:31:06.543 [main] JDBCTest - ---------------------------------------------------------------------------
[DEBUG] 2023-08-31 02:34:05.781 [main] JDBCTest - ---------------------------------------------------------------------------
[DEBUG] 2023-08-31 02:34:05.788 [main] JDBCTest - -- Run test: 
[DEBUG] 2023-08-31 02:34:05.789 [main] JDBCTest - ---------------------------------------------------------------------------
[DEBUG] 2023-08-31 02:34:06.001 [main] MySQLDriver - Create mysql connection
[DEBUG] 2023-08-31 02:34:06.820 [main] JDBCTest - ---------------------------------------------------------------------------
[DEBUG] 2023-08-31 02:34:06.821 [main] JDBCTest - -- End test: 
[DEBUG] 2023-08-31 02:34:06.821 [main] JDBCTest - ---------------------------------------------------------------------------
[DEBUG] 2023-08-31 02:34:06.859 [main] JDBCTest - ---------------------------------------------------------------------------
[DEBUG] 2023-08-31 02:34:06.860 [main] JDBCTest - -- Run test: 
[DEBUG] 2023-08-31 02:34:06.860 [main] JDBCTest - ---------------------------------------------------------------------------
[DEBUG] 2023-08-31 02:34:06.901 [main] JDBCTest - ---------------------------------------------------------------------------
[DEBUG] 2023-08-31 02:34:06.902 [main] JDBCTest - -- End test: 
[DEBUG] 2023-08-31 02:34:06.902 [main] JDBCTest - ---------------------------------------------------------------------------
[DEBUG] 2023-08-31 02:34:36.010 [main] JDBCTest - ---------------------------------------------------------------------------
[DEBUG] 2023-08-31 02:34:36.016 [main] JDBCTest - -- Run test: 
[DEBUG] 2023-08-31 02:34:36.017 [main] JDBCTest - ---------------------------------------------------------------------------
[DEBUG] 2023-08-31 02:34:36.223 [main] MySQLDriver - Create mysql connection
[DEBUG] 2023-08-31 02:34:37.044 [main] JDBCTest - ---------------------------------------------------------------------------
[DEBUG] 2023-08-31 02:34:37.045 [main] JDBCTest - -- End test: 
[DEBUG] 2023-08-31 02:34:37.046 [main] JDBCTest - ---------------------------------------------------------------------------
[DEBUG] 2023-08-31 02:34:37.077 [main] JDBCTest - ---------------------------------------------------------------------------
[DEBUG] 2023-08-31 02:34:37.077 [main] JDBCTest - -- Run test: 
[DEBUG] 2023-08-31 02:34:37.077 [main] JDBCTest - ---------------------------------------------------------------------------
[DEBUG] 2023-08-31 02:34:37.109 [main] JDBCTest - ---------------------------------------------------------------------------
[DEBUG] 2023-08-31 02:34:37.110 [main] JDBCTest - -- End test: 
[DEBUG] 2023-08-31 02:34:37.111 [main] JDBCTest - ---------------------------------------------------------------------------
[DEBUG] 2023-08-31 02:35:19.847 [main] JDBCTest - ---------------------------------------------------------------------------
[DEBUG] 2023-08-31 02:35:19.854 [main] JDBCTest - -- Run test: 
[DEBUG] 2023-08-31 02:35:19.854 [main] JDBCTest - ---------------------------------------------------------------------------
[DEBUG] 2023-08-31 02:35:20.044 [main] MySQLDriver - Create mysql connection
[DEBUG] 2023-08-31 02:35:20.801 [main] JDBCTest - ---------------------------------------------------------------------------
[DEBUG] 2023-08-31 02:35:20.802 [main] JDBCTest - -- End test: 
[DEBUG] 2023-08-31 02:35:20.803 [main] JDBCTest - ---------------------------------------------------------------------------
[DEBUG] 2023-08-31 02:35:48.232 [main] JDBCTest - ---------------------------------------------------------------------------
[DEBUG] 2023-08-31 02:35:48.240 [main] JDBCTest - -- Run test: 
[DEBUG] 2023-08-31 02:35:48.240 [main] JDBCTest - ---------------------------------------------------------------------------
[DEBUG] 2023-08-31 02:35:48.503 [main] MySQLDriver - Create mysql connection
[DEBUG] 2023-08-31 02:35:49.526 [main] JDBCTest - ---------------------------------------------------------------------------
[DEBUG] 2023-08-31 02:35:49.526 [main] JDBCTest - -- End test: 
[DEBUG] 2023-08-31 02:35:49.527 [main] JDBCTest - ---------------------------------------------------------------------------
